2025-07-15 15:30:14,215 - __main__ - INFO - Running full project hygiene check
2025-07-15 15:30:14,215 - __main__ - INFO - Checking project structure
2025-07-15 15:30:14,316 - __main__ - INFO - Checking code quality
2025-07-15 15:30:14,340 - __main__ - WARNING - flake8 not available for style checking
2025-07-15 15:30:14,359 - __main__ - INFO - Checking documentation
2025-07-15 15:30:14,375 - __main__ - INFO - Checking dependencies
2025-07-15 15:30:14,387 - __main__ - INFO - Checking security
2025-07-15 15:30:14,521 - __main__ - WARNING - Error checking secrets in C:\Users\KarlBotha\AI_PROJECTS\VPA\.venv\Lib\site-packages\pip\_vendor\idna\uts46data.py: 'charmap' codec can't decode byte 0x81 in position 4315: character maps to <undefined>
2025-07-15 15:30:14,550 - __main__ - WARNING - Error checking secrets in C:\Users\KarlBotha\AI_PROJECTS\VPA\.venv\Lib\site-packages\pip\_vendor\rich\bar.py: 'charmap' codec can't decode byte 0x90 in position 405: character maps to <undefined>
2025-07-15 15:30:14,550 - __main__ - WARNING - Error checking secrets in C:\Users\KarlBotha\AI_PROJECTS\VPA\.venv\Lib\site-packages\pip\_vendor\rich\box.py: 'charmap' codec can't decode byte 0x90 in position 381: character maps to <undefined>
2025-07-15 15:30:14,550 - __main__ - WARNING - Error checking secrets in C:\Users\KarlBotha\AI_PROJECTS\VPA\.venv\Lib\site-packages\pip\_vendor\rich\cells.py: 'charmap' codec can't decode byte 0x81 in position 4841: character maps to <undefined>
2025-07-15 15:30:14,554 - __main__ - WARNING - Error checking secrets in C:\Users\KarlBotha\AI_PROJECTS\VPA\.venv\Lib\site-packages\pip\_vendor\rich\layout.py: 'charmap' codec can't decode byte 0x8d in position 3186: character maps to <undefined>
2025-07-15 15:30:14,559 - __main__ - WARNING - Error checking secrets in C:\Users\KarlBotha\AI_PROJECTS\VPA\.venv\Lib\site-packages\pip\_vendor\rich\progress.py: 'charmap' codec can't decode byte 0x81 in position 26170: character maps to <undefined>
2025-07-15 15:30:14,560 - __main__ - WARNING - Error checking secrets in C:\Users\KarlBotha\AI_PROJECTS\VPA\.venv\Lib\site-packages\pip\_vendor\rich\progress_bar.py: 'charmap' codec can't decode byte 0x81 in position 3098: character maps to <undefined>
2025-07-15 15:30:14,563 - __main__ - WARNING - Error checking secrets in C:\Users\KarlBotha\AI_PROJECTS\VPA\.venv\Lib\site-packages\pip\_vendor\rich\syntax.py: 'charmap' codec can't decode byte 0x9d in position 27225: character maps to <undefined>
2025-07-15 15:30:14,565 - __main__ - WARNING - Error checking secrets in C:\Users\KarlBotha\AI_PROJECTS\VPA\.venv\Lib\site-packages\pip\_vendor\rich\traceback.py: 'charmap' codec can't decode byte 0x81 in position 34677: character maps to <undefined>
2025-07-15 15:30:14,566 - __main__ - WARNING - Error checking secrets in C:\Users\KarlBotha\AI_PROJECTS\VPA\.venv\Lib\site-packages\pip\_vendor\rich\tree.py: 'charmap' codec can't decode byte 0x81 in position 1294: character maps to <undefined>
2025-07-15 15:30:14,566 - __main__ - WARNING - Error checking secrets in C:\Users\KarlBotha\AI_PROJECTS\VPA\.venv\Lib\site-packages\pip\_vendor\rich\_emoji_codes.py: 'charmap' codec can't decode byte 0x8f in position 160: character maps to <undefined>
2025-07-15 15:30:14,568 - __main__ - WARNING - Error checking secrets in C:\Users\KarlBotha\AI_PROJECTS\VPA\.venv\Lib\site-packages\pip\_vendor\rich\_spinners.py: 'charmap' codec can't decode byte 0x8f in position 1312: character maps to <undefined>
2025-07-15 15:30:14,569 - __main__ - WARNING - Error checking secrets in C:\Users\KarlBotha\AI_PROJECTS\VPA\.venv\Lib\site-packages\pip\_vendor\rich\_wrap.py: 'charmap' codec can't decode byte 0x81 in position 3233: character maps to <undefined>
2025-07-15 15:30:14,569 - __main__ - WARNING - Error checking secrets in C:\Users\KarlBotha\AI_PROJECTS\VPA\.venv\Lib\site-packages\pip\_vendor\rich\__main__.py: 'charmap' codec can't decode byte 0x81 in position 3613: character maps to <undefined>
2025-07-15 15:30:14,590 - __main__ - WARNING - Error checking secrets in C:\Users\KarlBotha\AI_PROJECTS\VPA\referencedocuments\My-VPA-Beta\accurate_thermal_monitor.py: 'charmap' codec can't decode byte 0x8f in position 20375: character maps to <undefined>
2025-07-15 15:30:14,590 - __main__ - WARNING - Error checking secrets in C:\Users\KarlBotha\AI_PROJECTS\VPA\referencedocuments\My-VPA-Beta\advanced_test_implementation.py: 'charmap' codec can't decode byte 0x9d in position 18810: character maps to <undefined>
2025-07-15 15:30:14,591 - __main__ - WARNING - Error checking secrets in C:\Users\KarlBotha\AI_PROJECTS\VPA\referencedocuments\My-VPA-Beta\crash_protocol_recovery.py: 'charmap' codec can't decode byte 0x8d in position 823: character maps to <undefined>
2025-07-15 15:30:14,591 - __main__ - WARNING - Error checking secrets in C:\Users\KarlBotha\AI_PROJECTS\VPA\referencedocuments\My-VPA-Beta\direct_threading_test.py: 'charmap' codec can't decode byte 0x8f in position 3110: character maps to <undefined>
2025-07-15 15:30:14,592 - __main__ - WARNING - Error checking secrets in C:\Users\KarlBotha\AI_PROJECTS\VPA\referencedocuments\My-VPA-Beta\exhaustive_test_suite.py: 'charmap' codec can't decode byte 0x9d in position 3094: character maps to <undefined>
2025-07-15 15:30:14,592 - __main__ - WARNING - Error checking secrets in C:\Users\KarlBotha\AI_PROJECTS\VPA\referencedocuments\My-VPA-Beta\final_comprehensive_monitoring_demo.py: 'charmap' codec can't decode byte 0x8f in position 444: character maps to <undefined>
2025-07-15 15:30:14,592 - __main__ - WARNING - Error checking secrets in C:\Users\KarlBotha\AI_PROJECTS\VPA\referencedocuments\My-VPA-Beta\fix_main_corruption.py: 'charmap' codec can't decode byte 0x8d in position 269: character maps to <undefined>
2025-07-15 15:30:14,593 - __main__ - WARNING - Error checking secrets in C:\Users\KarlBotha\AI_PROJECTS\VPA\referencedocuments\My-VPA-Beta\hardware_safety_monitor.py: 'charmap' codec can't decode byte 0x8f in position 22632: character maps to <undefined>
2025-07-15 15:30:14,593 - __main__ - WARNING - Error checking secrets in C:\Users\KarlBotha\AI_PROJECTS\VPA\referencedocuments\My-VPA-Beta\hardware_safety_validation_test.py: 'charmap' codec can't decode byte 0x8f in position 521: character maps to <undefined>
2025-07-15 15:30:14,593 - __main__ - WARNING - Error checking secrets in C:\Users\KarlBotha\AI_PROJECTS\VPA\referencedocuments\My-VPA-Beta\hardware_validation_suite.py: 'charmap' codec can't decode byte 0x8d in position 5954: character maps to <undefined>
2025-07-15 15:30:14,593 - __main__ - WARNING - Error checking secrets in C:\Users\KarlBotha\AI_PROJECTS\VPA\referencedocuments\My-VPA-Beta\immediate_test.py: 'charmap' codec can't decode byte 0x8d in position 230: character maps to <undefined>
2025-07-15 15:30:14,593 - __main__ - WARNING - Error checking secrets in C:\Users\KarlBotha\AI_PROJECTS\VPA\referencedocuments\My-VPA-Beta\immediate_thermal_monitor.py: 'charmap' codec can't decode byte 0x8f in position 25285: character maps to <undefined>
2025-07-15 15:30:14,594 - __main__ - WARNING - Error checking secrets in C:\Users\KarlBotha\AI_PROJECTS\VPA\referencedocuments\My-VPA-Beta\install.py: 'charmap' codec can't decode byte 0x9d in position 486: character maps to <undefined>
2025-07-15 15:30:14,594 - __main__ - WARNING - Error checking secrets in C:\Users\KarlBotha\AI_PROJECTS\VPA\referencedocuments\My-VPA-Beta\integrated_voice_test.py: 'charmap' codec can't decode byte 0x9d in position 3985: character maps to <undefined>
2025-07-15 15:30:14,594 - __main__ - WARNING - Error checking secrets in C:\Users\KarlBotha\AI_PROJECTS\VPA\referencedocuments\My-VPA-Beta\launcher.py: 'charmap' codec can't decode byte 0x9d in position 1533: character maps to <undefined>
2025-07-15 15:30:14,594 - __main__ - WARNING - Error checking secrets in C:\Users\KarlBotha\AI_PROJECTS\VPA\referencedocuments\My-VPA-Beta\official_thermal_monitor.py: 'charmap' codec can't decode byte 0x8f in position 39502: character maps to <undefined>
2025-07-15 15:30:14,595 - __main__ - WARNING - Error checking secrets in C:\Users\KarlBotha\AI_PROJECTS\VPA\referencedocuments\My-VPA-Beta\setup.py: 'charmap' codec can't decode byte 0x9d in position 408: character maps to <undefined>
2025-07-15 15:30:14,595 - __main__ - WARNING - Error checking secrets in C:\Users\KarlBotha\AI_PROJECTS\VPA\referencedocuments\My-VPA-Beta\system_aligned_validation.py: 'charmap' codec can't decode byte 0x8d in position 632: character maps to <undefined>
2025-07-15 15:30:14,596 - __main__ - WARNING - Error checking secrets in C:\Users\KarlBotha\AI_PROJECTS\VPA\referencedocuments\My-VPA-Beta\system_monitoring_test.py: 'charmap' codec can't decode byte 0x9d in position 3088: character maps to <undefined>
2025-07-15 15:30:14,596 - __main__ - WARNING - Error checking secrets in C:\Users\KarlBotha\AI_PROJECTS\VPA\referencedocuments\My-VPA-Beta\voice_validation_test.py: 'charmap' codec can't decode byte 0x9d in position 1532: character maps to <undefined>
2025-07-15 15:30:14,606 - __main__ - WARNING - Error checking secrets in C:\Users\KarlBotha\AI_PROJECTS\VPA\referencedocuments\My-VPA-Beta\scripts\automation\automated_regression_framework.py: 'charmap' codec can't decode byte 0x8f in position 29954: character maps to <undefined>
2025-07-15 15:30:14,607 - __main__ - WARNING - Error checking secrets in C:\Users\KarlBotha\AI_PROJECTS\VPA\referencedocuments\My-VPA-Beta\scripts\validation\edge_case_stress_framework.py: 'charmap' codec can't decode byte 0x90 in position 15389: character maps to <undefined>
2025-07-15 15:30:14,608 - __main__ - WARNING - Error checking secrets in C:\Users\KarlBotha\AI_PROJECTS\VPA\referencedocuments\My-VPA-Beta\scripts\validation\final_compliance_audit.py: 'charmap' codec can't decode byte 0x8f in position 18866: character maps to <undefined>
2025-07-15 15:30:14,622 - __main__ - WARNING - Error checking secrets in C:\Users\KarlBotha\AI_PROJECTS\VPA\referencedocuments\My-VPA-Beta\src\speech\hardware_detector.py: 'charmap' codec can't decode byte 0x9d in position 2356: character maps to <undefined>
2025-07-15 15:30:14,628 - __main__ - WARNING - Error checking secrets in C:\Users\KarlBotha\AI_PROJECTS\VPA\referencedocuments\My-VPA-Beta\src\ui\image_preview_dialog.py: 'charmap' codec can't decode byte 0x8f in position 4616: character maps to <undefined>
2025-07-15 15:30:14,628 - __main__ - WARNING - Error checking secrets in C:\Users\KarlBotha\AI_PROJECTS\VPA\referencedocuments\My-VPA-Beta\src\ui\legal_agreement_dialog.py: 'charmap' codec can't decode byte 0x90 in position 4349: character maps to <undefined>
2025-07-15 15:30:14,629 - __main__ - WARNING - Error checking secrets in C:\Users\KarlBotha\AI_PROJECTS\VPA\referencedocuments\My-VPA-Beta\src\ui\main_window.py: 'charmap' codec can't decode byte 0x8f in position 8254: character maps to <undefined>
2025-07-15 15:30:14,629 - __main__ - WARNING - Error checking secrets in C:\Users\KarlBotha\AI_PROJECTS\VPA\referencedocuments\My-VPA-Beta\src\ui\normal_settings_window.py: 'charmap' codec can't decode byte 0x8f in position 19185: character maps to <undefined>
2025-07-15 15:30:14,629 - __main__ - WARNING - Error checking secrets in C:\Users\KarlBotha\AI_PROJECTS\VPA\referencedocuments\My-VPA-Beta\src\ui\privacy_dashboard.py: 'charmap' codec can't decode byte 0x81 in position 7871: character maps to <undefined>
2025-07-15 15:30:14,629 - __main__ - WARNING - Error checking secrets in C:\Users\KarlBotha\AI_PROJECTS\VPA\referencedocuments\My-VPA-Beta\src\ui\splash_screen.py: 'charmap' codec can't decode byte 0x81 in position 3279: character maps to <undefined>
2025-07-15 15:30:14,630 - __main__ - WARNING - Error checking secrets in C:\Users\KarlBotha\AI_PROJECTS\VPA\referencedocuments\My-VPA-Beta\src\utils\chat_logger.py: 'charmap' codec can't decode byte 0x9d in position 1468: character maps to <undefined>
2025-07-15 15:30:14,633 - __main__ - WARNING - Error checking secrets in C:\Users\KarlBotha\AI_PROJECTS\VPA\referencedocuments\My-VPA-Beta\src\utils\logger.py: 'charmap' codec can't decode byte 0x9d in position 2091: character maps to <undefined>
2025-07-15 15:30:14,633 - __main__ - WARNING - Error checking secrets in C:\Users\KarlBotha\AI_PROJECTS\VPA\referencedocuments\My-VPA-Beta\tests\advanced_test_implementation.py: 'charmap' codec can't decode byte 0x9d in position 18810: character maps to <undefined>
2025-07-15 15:30:14,633 - __main__ - WARNING - Error checking secrets in C:\Users\KarlBotha\AI_PROJECTS\VPA\referencedocuments\My-VPA-Beta\tests\direct_threading_test.py: 'charmap' codec can't decode byte 0x8f in position 3110: character maps to <undefined>
2025-07-15 15:30:14,634 - __main__ - WARNING - Error checking secrets in C:\Users\KarlBotha\AI_PROJECTS\VPA\referencedocuments\My-VPA-Beta\tests\exhaustive_test_suite.py: 'charmap' codec can't decode byte 0x9d in position 3094: character maps to <undefined>
2025-07-15 15:30:14,634 - __main__ - WARNING - Error checking secrets in C:\Users\KarlBotha\AI_PROJECTS\VPA\referencedocuments\My-VPA-Beta\tests\integrated_voice_test.py: 'charmap' codec can't decode byte 0x9d in position 3985: character maps to <undefined>
2025-07-15 15:30:14,634 - __main__ - WARNING - Error checking secrets in C:\Users\KarlBotha\AI_PROJECTS\VPA\referencedocuments\My-VPA-Beta\tests\system_monitoring_test.py: 'charmap' codec can't decode byte 0x9d in position 3088: character maps to <undefined>
2025-07-15 15:30:14,635 - __main__ - WARNING - Error checking secrets in C:\Users\KarlBotha\AI_PROJECTS\VPA\referencedocuments\My-VPA-Beta\tests\test_comprehensive.py: 'charmap' codec can't decode byte 0x9d in position 951: character maps to <undefined>
2025-07-15 15:30:14,635 - __main__ - WARNING - Error checking secrets in C:\Users\KarlBotha\AI_PROJECTS\VPA\referencedocuments\My-VPA-Beta\tests\voice_validation_test.py: 'charmap' codec can't decode byte 0x9d in position 1532: character maps to <undefined>
2025-07-15 15:30:14,649 - __main__ - WARNING - Error checking secrets in C:\Users\KarlBotha\AI_PROJECTS\VPA\tools\test_validation_framework.py: 'charmap' codec can't decode byte 0x9d in position 2371: character maps to <undefined>
2025-07-15 15:30:14,666 - __main__ - WARNING - Error checking unsafe patterns in C:\Users\KarlBotha\AI_PROJECTS\VPA\src\vpa\__init__.py: missing ), unterminated subpattern at position 10
2025-07-15 15:30:14,666 - __main__ - WARNING - Error checking unsafe patterns in C:\Users\KarlBotha\AI_PROJECTS\VPA\src\vpa\__main__.py: missing ), unterminated subpattern at position 10
2025-07-15 15:30:14,666 - __main__ - WARNING - Error checking unsafe patterns in C:\Users\KarlBotha\AI_PROJECTS\VPA\src\vpa\cli\main.py: missing ), unterminated subpattern at position 10
2025-07-15 15:30:14,666 - __main__ - WARNING - Error checking unsafe patterns in C:\Users\KarlBotha\AI_PROJECTS\VPA\src\vpa\cli\__init__.py: missing ), unterminated subpattern at position 10
2025-07-15 15:30:14,667 - __main__ - WARNING - Error checking unsafe patterns in C:\Users\KarlBotha\AI_PROJECTS\VPA\src\vpa\core\app.py: missing ), unterminated subpattern at position 10
2025-07-15 15:30:14,667 - __main__ - WARNING - Error checking unsafe patterns in C:\Users\KarlBotha\AI_PROJECTS\VPA\src\vpa\core\config.py: missing ), unterminated subpattern at position 10
2025-07-15 15:30:14,667 - __main__ - WARNING - Error checking unsafe patterns in C:\Users\KarlBotha\AI_PROJECTS\VPA\src\vpa\core\events.py: missing ), unterminated subpattern at position 10
2025-07-15 15:30:14,667 - __main__ - WARNING - Error checking unsafe patterns in C:\Users\KarlBotha\AI_PROJECTS\VPA\src\vpa\core\plugins.py: missing ), unterminated subpattern at position 10
2025-07-15 15:30:14,668 - __main__ - WARNING - Error checking unsafe patterns in C:\Users\KarlBotha\AI_PROJECTS\VPA\src\vpa\core\__init__.py: missing ), unterminated subpattern at position 10
2025-07-15 15:30:14,669 - __main__ - WARNING - Error checking unsafe patterns in C:\Users\KarlBotha\AI_PROJECTS\VPA\src\vpa\plugins\__init__.py: missing ), unterminated subpattern at position 10
2025-07-15 15:30:14,669 - __main__ - WARNING - Error checking unsafe patterns in C:\Users\KarlBotha\AI_PROJECTS\VPA\src\vpa\plugins\audio\commands.py: missing ), unterminated subpattern at position 10
2025-07-15 15:30:14,669 - __main__ - WARNING - Error checking unsafe patterns in C:\Users\KarlBotha\AI_PROJECTS\VPA\src\vpa\plugins\audio\engine.py: missing ), unterminated subpattern at position 10
2025-07-15 15:30:14,669 - __main__ - WARNING - Error checking unsafe patterns in C:\Users\KarlBotha\AI_PROJECTS\VPA\src\vpa\plugins\audio\__init__.py: missing ), unterminated subpattern at position 10
2025-07-15 15:30:14,669 - __main__ - WARNING - Error checking unsafe patterns in C:\Users\KarlBotha\AI_PROJECTS\VPA\src\vpa\services\__init__.py: missing ), unterminated subpattern at position 10
2025-07-15 15:30:14,670 - __main__ - WARNING - Error checking unsafe patterns in C:\Users\KarlBotha\AI_PROJECTS\VPA\tests\audio\test_engine.py: missing ), unterminated subpattern at position 10
2025-07-15 15:30:14,672 - __main__ - INFO - Checking performance patterns
2025-07-15 15:30:14,684 - __main__ - INFO - Hygiene check completed with score: 51.25/100
